0 info it worked if it ends with ok
1 verbose cli [ '/home/vyfeng/.conda/envs/drgncommands/bin/node',
1 verbose cli   '/home/vyfeng/.conda/envs/drgncommands/bin/npm',
1 verbose cli   'run',
1 verbose cli   'build' ]
2 info using npm@3.10.10
3 info using node@v6.13.1
4 verbose run-script [ 'prebuild', 'build', 'postbuild' ]
5 info lifecycle drgncommands@0.0.0~prebuild: drgncommands@0.0.0
6 silly lifecycle drgncommands@0.0.0~prebuild: no script for prebuild, continuing
7 info lifecycle drgncommands@0.0.0~build: drgncommands@0.0.0
8 verbose lifecycle drgncommands@0.0.0~build: unsafe-perm in lifecycle true
9 verbose lifecycle drgncommands@0.0.0~build: PATH: /home/vyfeng/.conda/envs/drgncommands/lib/node_modules/npm/bin/node-gyp-bin:/scratch/gpfs/vyfeng/drgncommands/node_modules/.bin:/home/vyfeng/.conda/envs/drgncommands/bin:/usr/licensed/anaconda3/2022.10/condabin:/home/vyfeng/.vscode-server/bin/0ee08df0cf4527e40edc9aa28f4b5bd38bbff2b2/bin/remote-cli:/home/vyfeng/.local/bin:/home/vyfeng/bin:/usr/share/Modules/bin:/usr/local/bin:/usr/bin:/usr/local/sbin:/usr/sbin:/opt/puppetlabs/bin:/opt/dell/srvadmin/bin
10 verbose lifecycle drgncommands@0.0.0~build: CWD: /scratch/gpfs/vyfeng/drgncommands
11 silly lifecycle drgncommands@0.0.0~build: Args: [ '-c', 'electron-vite build' ]
12 info lifecycle drgncommands@0.0.0~build: Failed to exec build script
13 verbose stack Error: drgncommands@0.0.0 build: `electron-vite build`
13 verbose stack spawn ENOENT
13 verbose stack     at ChildProcess.<anonymous> (/home/vyfeng/.conda/envs/drgncommands/lib/node_modules/npm/lib/utils/spawn.js:33:16)
13 verbose stack     at emitTwo (events.js:106:13)
13 verbose stack     at ChildProcess.emit (events.js:191:7)
13 verbose stack     at maybeClose (internal/child_process.js:920:16)
13 verbose stack     at Process.ChildProcess._handle.onexit (internal/child_process.js:230:5)
14 verbose pkgid drgncommands@0.0.0
15 verbose cwd /scratch/gpfs/vyfeng/drgncommands
16 error Linux 4.18.0-477.27.1.el8_8.x86_64
17 error argv "/home/vyfeng/.conda/envs/drgncommands/bin/node" "/home/vyfeng/.conda/envs/drgncommands/bin/npm" "run" "build"
18 error node v6.13.1
19 error npm  v3.10.10
20 error file sh
21 error code ELIFECYCLE
22 error errno ENOENT
23 error syscall spawn
24 error drgncommands@0.0.0 build: `electron-vite build`
24 error spawn ENOENT
25 error Failed at the drgncommands@0.0.0 build script 'electron-vite build'.
25 error Make sure you have the latest version of node.js and npm installed.
25 error If you do, this is most likely a problem with the drgncommands package,
25 error not with npm itself.
25 error Tell the author that this fails on your system:
25 error     electron-vite build
25 error You can get information on how to open an issue for this project with:
25 error     npm bugs drgncommands
25 error Or if that isn't available, you can get their info via:
25 error     npm owner ls drgncommands
25 error There is likely additional logging output above.
26 verbose exit [ 1, true ]
